2021-11-02 21:08:53 INFO     正在baiduFlac中搜索 ——> & "D:/MyProgram File/python/python.exe" d:/MyFiles/工作文件/待整理/musicdl-master/musicdl.py...
2021-11-02 21:08:53 INFO     正在kugou中搜索 ——> & "D:/MyProgram File/python/python.exe" d:/MyFiles/工作文件/待整理/musicdl-master/musicdl.py...
2021-11-02 21:08:53 INFO     正在kuwo中搜索 ——> & "D:/MyProgram File/python/python.exe" d:/MyFiles/工作文件/待整理/musicdl-master/musicdl.py...
2021-11-02 21:08:53 INFO     正在qq中搜索 ——> & "D:/MyProgram File/python/python.exe" d:/MyFiles/工作文件/待整理/musicdl-master/musicdl.py...
2021-11-02 21:08:53 INFO     正在qianqian中搜索 ——> & "D:/MyProgram File/python/python.exe" d:/MyFiles/工作文件/待整理/musicdl-master/musicdl.py...
2021-11-02 21:08:53 INFO     正在netease中搜索 ——> & "D:/MyProgram File/python/python.exe" d:/MyFiles/工作文件/待整理/musicdl-master/musicdl.py...
2021-11-02 21:08:53 INFO     正在migu中搜索 ——> & "D:/MyProgram File/python/python.exe" d:/MyFiles/工作文件/待整理/musicdl-master/musicdl.py...
2021-11-02 21:08:53 INFO     正在xiami中搜索 ——> & "D:/MyProgram File/python/python.exe" d:/MyFiles/工作文件/待整理/musicdl-master/musicdl.py...
2021-11-02 21:08:53 INFO     正在joox中搜索 ——> & "D:/MyProgram File/python/python.exe" d:/MyFiles/工作文件/待整理/musicdl-master/musicdl.py...
2021-11-02 21:08:53 INFO     正在yiting中搜索 ——> & "D:/MyProgram File/python/python.exe" d:/MyFiles/工作文件/待整理/musicdl-master/musicdl.py...
list indices must be integers or slices, not str
2021-11-02 21:08:57 WARNING  无法在qianqian中搜索 ——> & "D:/MyProgram File/python/python.exe" d:/MyFiles/工作文件/待整理/musicdl-master/musicdl.py...
'data'
2021-11-02 21:08:58 WARNING  无法在kuwo中搜索 ——> & "D:/MyProgram File/python/python.exe" d:/MyFiles/工作文件/待整理/musicdl-master/musicdl.py...
'_m_h5_tk'
2021-11-02 21:08:59 WARNING  无法在xiami中搜索 ——> & "D:/MyProgram File/python/python.exe" d:/MyFiles/工作文件/待整理/musicdl-master/musicdl.py...
HTTPConnectionPool(host='musicapi.qianqian.com', port=80): Max retries exceeded with url: /v1/restserver/ting?query=%26+%22D%3A%2FMyProgram+File%2Fpython%2Fpython.exe%22+d%3A%2FMyFiles%2F%E5%B7%A5%E4%BD%9C%E6%96%87%E4%BB%B6%2F%E5%BE%85%E6%95%B4%E7%90%86%2Fmusicdl-master%2Fmusicdl.py&method=baidu.ting.search.common&format=json&page_no=1&page_size=5 (Caused by NewConnectionError('<urllib3.connection.HTTPConnection object at 0x0000011916DA6A90>: Failed to establish a new connection: [WinError 10061] 由于目标计算机积极拒绝，无法连接。'))
2021-11-02 21:09:00 WARNING  无法在baiduFlac中搜索 ——> & "D:/MyProgram File/python/python.exe" d:/MyFiles/工作文件/待整理/musicdl-master/musicdl.py...
2021-11-02 23:08:54 INFO     正在kugou中搜索 ——> 周杰伦...
2021-11-02 23:57:37 INFO     正在baiduFlac中搜索 ——> 青花瓷...
2021-11-02 23:57:37 INFO     正在kugou中搜索 ——> 青花瓷...
2021-11-02 23:57:37 INFO     正在kuwo中搜索 ——> 青花瓷...
2021-11-02 23:57:37 INFO     正在qq中搜索 ——> 青花瓷...
2021-11-02 23:57:37 INFO     正在qianqian中搜索 ——> 青花瓷...
2021-11-02 23:57:37 INFO     正在netease中搜索 ——> 青花瓷...
2021-11-02 23:57:37 INFO     正在migu中搜索 ——> 青花瓷...
2021-11-02 23:57:37 INFO     正在xiami中搜索 ——> 青花瓷...
2021-11-02 23:57:37 INFO     正在joox中搜索 ——> 青花瓷...
2021-11-02 23:57:37 INFO     正在yiting中搜索 ——> 青花瓷...
'_m_h5_tk'
2021-11-02 23:57:38 WARNING  无法在xiami中搜索 ——> 青花瓷...
Expecting value: line 1 column 1 (char 0)
2021-11-02 23:57:41 WARNING  无法在kuwo中搜索 ——> 青花瓷...
HTTPConnectionPool(host='musicapi.qianqian.com', port=80): Max retries exceeded with url: /v1/restserver/ting?query=%E9%9D%92%E8%8A%B1%E7%93%B7&method=baidu.ting.search.common&format=json&page_no=1&page_size=5 (Caused by NewConnectionError('<urllib3.connection.HTTPConnection object at 0x000001B09C07F0A0>: Failed to establish a new connection: [WinError 10061] 由于目标计算机积极拒绝，无法连接。'))
2021-11-02 23:57:44 WARNING  无法在baiduFlac中搜索 ——> 青花瓷...
